Running: /opt/Xilinx/14.7/ISE_DS/ISE/bin/lin64/unwrapped/fuse -intstyle ise -incremental -lib secureip -o /home/ise/bahadir_vs_fpga/ram_module/blockRam/ramBlkTB_isim_beh.exe -prj /home/ise/bahadir_vs_fpga/ram_module/blockRam/ramBlkTB_beh.prj work.ramBlkTB 
ISim P.20131013 (signature 0xfbc00daa)
Number of CPUs detected in this system: 1
Turning on mult-threading, number of parallel sub-compilation jobs: 0 
Determining compilation order of HDL files
Parsing VHDL file "/home/ise/bahadir_vs_fpga/ram_module/blockRam/blockRam.vhd" into library work
Parsing VHDL file "/home/ise/bahadir_vs_fpga/ram_module/blockRam/ramBlkTB.vhd" into library work
Starting static elaboration
Completed static elaboration
Fuse Memory Usage: 95304 KB
Fuse CPU Usage: 1190 ms
Compiling package standard
Compiling package std_logic_1164
Compiling architecture behavioral of entity blockRam [\blockRam(8,10,"BLOCK")(1,5)\]
Compiling architecture behavior of entity ramblktb
Time Resolution for simulation is 1ps.
Compiled 5 VHDL Units
Built simulation executable /home/ise/bahadir_vs_fpga/ram_module/blockRam/ramBlkTB_isim_beh.exe
Fuse Memory Usage: 104008 KB
Fuse CPU Usage: 1250 ms
GCC CPU Usage: 240 ms
