--------------------------------------------------------------------------------
Release 14.7 Trace  (lin64)
Copyright (c) 1995-2013 Xilinx, Inc.  All rights reserved.

/opt/Xilinx/14.7/ISE_DS/ISE/bin/lin64/unwrapped/trce -intstyle ise -v 3 -s 3 -n
3 -fastpaths -xml uartTx.twx uartTx.ncd -o uartTx.twr uartTx.pcf

Design file:              uartTx.ncd
Physical constraint file: uartTx.pcf
Device,package,speed:     xc6slx16,ftg256,C,-3 (PRODUCTION 1.23 2013-10-13)
Report level:             verbose report

Environment Variable      Effect 
--------------------      ------ 
NONE                      No environment variables were set
--------------------------------------------------------------------------------

INFO:Timing:2698 - No timing constraints found, doing default enumeration.
INFO:Timing:3412 - To improve timing, see the Timing Closure User Guide (UG612).
INFO:Timing:2752 - To get complete path coverage, use the unconstrained paths 
   option. All paths that are not constrained will be reported in the 
   unconstrained paths section(s) of the report.
INFO:Timing:3339 - The clock-to-out numbers in this timing report are based on 
   a 50 Ohm transmission line loading model.  For the details of this model, 
   and for more information on accounting for different loading conditions, 
   please see the device datasheet.



Data Sheet report:
-----------------
All values displayed in nanoseconds (ns)

Setup/Hold to clock clk
------------+------------+------------+------------+------------+------------------+--------+
            |Max Setup to|  Process   |Max Hold to |  Process   |                  | Clock  |
Source      | clk (edge) |   Corner   | clk (edge) |   Corner   |Internal Clock(s) | Phase  |
------------+------------+------------+------------+------------+------------------+--------+
baudrate<0> |   94.828(R)|      SLOW  |   -2.271(R)|      FAST  |clk_BUFGP         |   0.000|
baudrate<1> |   96.954(R)|      SLOW  |   -2.462(R)|      FAST  |clk_BUFGP         |   0.000|
baudrate<2> |   96.124(R)|      SLOW  |   -2.252(R)|      FAST  |clk_BUFGP         |   0.000|
baudrate<3> |   97.785(R)|      SLOW  |   -2.322(R)|      FAST  |clk_BUFGP         |   0.000|
baudrate<4> |   96.155(R)|      SLOW  |   -1.989(R)|      FAST  |clk_BUFGP         |   0.000|
baudrate<5> |   96.229(R)|      SLOW  |   -1.955(R)|      FAST  |clk_BUFGP         |   0.000|
baudrate<6> |   96.573(R)|      SLOW  |   -2.045(R)|      FAST  |clk_BUFGP         |   0.000|
baudrate<7> |   96.970(R)|      SLOW  |   -2.053(R)|      FAST  |clk_BUFGP         |   0.000|
baudrate<8> |   97.364(R)|      SLOW  |   -2.038(R)|      FAST  |clk_BUFGP         |   0.000|
baudrate<9> |   96.401(R)|      SLOW  |   -2.148(R)|      FAST  |clk_BUFGP         |   0.000|
baudrate<10>|   95.294(R)|      SLOW  |   -1.846(R)|      FAST  |clk_BUFGP         |   0.000|
baudrate<11>|   95.916(R)|      SLOW  |   -1.836(R)|      FAST  |clk_BUFGP         |   0.000|
baudrate<12>|   95.575(R)|      SLOW  |   -1.926(R)|      FAST  |clk_BUFGP         |   0.000|
baudrate<13>|   95.437(R)|      SLOW  |   -1.927(R)|      FAST  |clk_BUFGP         |   0.000|
baudrate<14>|   95.084(R)|      SLOW  |   -1.578(R)|      FAST  |clk_BUFGP         |   0.000|
baudrate<15>|   95.230(R)|      SLOW  |   -1.680(R)|      FAST  |clk_BUFGP         |   0.000|
baudrate<16>|   94.752(R)|      SLOW  |   -1.666(R)|      FAST  |clk_BUFGP         |   0.000|
baudrate<17>|   94.979(R)|      SLOW  |   -1.508(R)|      FAST  |clk_BUFGP         |   0.000|
baudrate<18>|   95.087(R)|      SLOW  |   -1.423(R)|      FAST  |clk_BUFGP         |   0.000|
baudrate<19>|   94.789(R)|      SLOW  |   -1.336(R)|      FAST  |clk_BUFGP         |   0.000|
baudrate<20>|   94.749(R)|      SLOW  |   -0.901(R)|      FAST  |clk_BUFGP         |   0.000|
baudrate<21>|   94.410(R)|      SLOW  |   -0.640(R)|      SLOW  |clk_BUFGP         |   0.000|
baudrate<22>|   94.599(R)|      SLOW  |   -0.443(R)|      SLOW  |clk_BUFGP         |   0.000|
baudrate<23>|   94.319(R)|      SLOW  |   -0.293(R)|      SLOW  |clk_BUFGP         |   0.000|
dataIn<0>   |    0.861(R)|      FAST  |   -0.307(R)|      SLOW  |clk_BUFGP         |   0.000|
dataIn<1>   |    0.874(R)|      FAST  |   -0.288(R)|      SLOW  |clk_BUFGP         |   0.000|
dataIn<2>   |    0.947(R)|      FAST  |   -0.403(R)|      SLOW  |clk_BUFGP         |   0.000|
dataIn<3>   |    0.910(R)|      FAST  |   -0.377(R)|      SLOW  |clk_BUFGP         |   0.000|
dataIn<4>   |    1.242(R)|      FAST  |   -0.733(R)|      SLOW  |clk_BUFGP         |   0.000|
dataIn<5>   |    1.216(R)|      FAST  |   -0.720(R)|      SLOW  |clk_BUFGP         |   0.000|
dataIn<6>   |    1.233(R)|      SLOW  |   -0.737(R)|      SLOW  |clk_BUFGP         |   0.000|
dataIn<7>   |    0.948(R)|      FAST  |   -0.412(R)|      SLOW  |clk_BUFGP         |   0.000|
uartWrite   |    4.072(R)|      SLOW  |   -1.228(R)|      SLOW  |clk_BUFGP         |   0.000|
------------+------------+------------+------------+------------+------------------+--------+

Clock clk to Pad
------------+-----------------+------------+-----------------+------------+------------------+--------+
            |Max (slowest) clk|  Process   |Min (fastest) clk|  Process   |                  | Clock  |
Destination |  (edge) to PAD  |   Corner   |  (edge) to PAD  |   Corner   |Internal Clock(s) | Phase  |
------------+-----------------+------------+-----------------+------------+------------------+--------+
tx          |         8.582(R)|      SLOW  |         4.686(R)|      FAST  |clk_BUFGP         |   0.000|
------------+-----------------+------------+-----------------+------------+------------------+--------+

Clock to Setup on destination clock clk
---------------+---------+---------+---------+---------+
               | Src:Rise| Src:Fall| Src:Rise| Src:Fall|
Source Clock   |Dest:Rise|Dest:Rise|Dest:Fall|Dest:Fall|
---------------+---------+---------+---------+---------+
clk            |    5.763|         |         |         |
---------------+---------+---------+---------+---------+


Analysis completed Tue Sep 14 10:24:22 2021 
--------------------------------------------------------------------------------

Trace Settings:
-------------------------
Trace Settings 

Peak Memory Usage: 408 MB



