Running: /opt/Xilinx/14.7/ISE_DS/ISE/bin/lin64/unwrapped/fuse -intstyle ise -incremental -lib secureip -o /home/ise/bahadir_vs_fpga/uart_module_design/uart_rx_module/uartRx/uartRxTB_isim_beh.exe -prj /home/ise/bahadir_vs_fpga/uart_module_design/uart_rx_module/uartRx/uartRxTB_beh.prj work.uartRxTB 
ISim P.20131013 (signature 0xfbc00daa)
Number of CPUs detected in this system: 1
Turning on mult-threading, number of parallel sub-compilation jobs: 0 
Determining compilation order of HDL files
Parsing VHDL file "/home/ise/bahadir_vs_fpga/uart_module_design/uart_rx_module/uartRx/uartRx.vhd" into library work
Parsing VHDL file "/home/ise/bahadir_vs_fpga/uart_module_design/uart_rx_module/uartRx/uartRxTB.vhd" into library work
Starting static elaboration
Completed static elaboration
Fuse Memory Usage: 95452 KB
Fuse CPU Usage: 2450 ms
Compiling package standard
Compiling package std_logic_1164
Compiling architecture behavioral of entity uartRx [\uartRx(100000000,10000000)\]
Compiling architecture behavior of entity uartrxtb
Time Resolution for simulation is 1ps.
Compiled 5 VHDL Units
Built simulation executable /home/ise/bahadir_vs_fpga/uart_module_design/uart_rx_module/uartRx/uartRxTB_isim_beh.exe
Fuse Memory Usage: 104052 KB
Fuse CPU Usage: 2560 ms
GCC CPU Usage: 360 ms
